###PJSCD-IS###
----------------------------------------------------------------
TASK-VIDEO = event_49-7.mp4 **TESTING**
REFERENCE = [1920x1440]reference.txt
[TODO] New actor name - 中学生の杏. Default style - 関連人物 - applied.
[TODO] New actor name - 男性. Default style - 関連人物 - applied.
[TODO] New actor name - 女性. Default style - 関連人物 - applied.
[TODO] New actor name - 観客達. Default style - 関連人物 - applied.
[TODO] New actor name - 凪. Default style - 関連人物 - applied.
[TODO] New actor name - 中学生の彰人. Default style - 関連人物 - applied.
[TODO] New actor name - RUST. Default style - 関連人物 - applied.
[TODO] New actor name - 謙. Default style - 関連人物 - applied.
[TODO] New actor name - 大河. Default style - 関連人物 - applied.
[TODO] New actor name - 大河・謙. Default style - 関連人物 - applied.
[TODO] New actor name - 全員. Default style - 関連人物 - applied.
[TODO] Location transition detected (0:00:12.13 - 0:00:15.13).
[TODO] Location transition detected (0:00:09.13 - 0:00:12.13).
[TODO] Location transition detected (0:00:57.24 - 0:01:00.24).
[ERROR] Shift (empty section) found in section 8 (0:01:53.24 - 0:01:53.24).
[CRITICAL_ERROR] 34 lines mismatched in section 12* (0:02:40.80 - 0:02:40.80).
[DISTORTION] Distortion transition(s) / effect(s) found in section combined (0:02:40.80 - 0:05:51.56).
[DISTORTION] Distortion transition(s) / effect(s) found in section 82 (0:06:27.36 - 0:06:32.74).
[ATTENTION] Paired combination in section 85* (0:07:11.21 - 0:07:11.21).
[DISTORTION] Distortion transition(s) / effect(s) found in section combined (0:07:11.21 - 0:07:47.45).
[ERROR] Single line mismatched in section 139* (0:08:17.00 - 0:08:21.96).
[ERROR] Shift (empty section) found in section 142 (0:09:04.97 - 0:09:04.97).
[CRITICAL_ERROR] None matches for section 145 (0:09:05.08 - 0:09:13.68).
[ATTENTION] - [TODO] 3 location transition detected.
----------------------------------------------------------------
TASK-VIDEO = event_54_01_edit.mp4 **TESTING**
REFERENCE = [2560x1600]reference.txt
[TODO] Location transition detected (0:00:03.85 - 0:00:06.85).
[ATTENTION] - [TODO] 1 location transition detected.
