###PJSCD-IS###
----------------------------------------------------------------
TASK VIDEO = RIN_1.mov **TESTING**
REFERENCE = [1920x1342]reference.txt
----------------------------------------------------------------
TASK VIDEO = RIN_1.mov **TESTING**
REFERENCE = [1920x1342]reference.txt
[TODO] New actor name - ミク・リン. Default style - 関連人物 - applied.
[TODO] New actor name - ミク・リン. Default style - 関連人物 - applied.
[TODO] New actor name - ミク・リン. Default style - 関連人物 - applied.
[TODO] Location transition detected (0:00:05.12 - 0:00:08.12).
[TODO] Location transition detected (0:00:45.56 - 0:00:48.56).
[ATTENTION] - [TODO] 2 location transition detected.
----------------------------------------------------------------
TASK VIDEO = [SHANA]event_21-1.mp4 **TESTING**
REFERENCE = [1920x1440]reference.txt
[TODO] New actor name - MC. Default style - 関連人物 - applied.
[TODO] New actor name - 観客A. Default style - 関連人物 - applied.
[TODO] New actor name - 観客B. Default style - 関連人物 - applied.
[TODO] New actor name - こはね・冬弥. Default style - 関連人物 - applied.
[TODO] New actor name - こはね・杏. Default style - 関連人物 - applied.
[TODO] New actor name - MC. Default style - 関連人物 - applied.
[TODO] New actor name - 観客A. Default style - 関連人物 - applied.
[TODO] New actor name - 観客B. Default style - 関連人物 - applied.
[TODO] New actor name - こはね・冬弥. Default style - 関連人物 - applied.
[TODO] New actor name - こはね・杏. Default style - 関連人物 - applied.
[TODO] New actor name - MC. Default style - 関連人物 - applied.
[TODO] New actor name - 観客A. Default style - 関連人物 - applied.
[TODO] New actor name - 観客B. Default style - 関連人物 - applied.
[TODO] New actor name - こはね・冬弥. Default style - 関連人物 - applied.
[TODO] New actor name - こはね・杏. Default style - 関連人物 - applied.
[TODO] Location transition detected (0:00:07.16 - 0:00:10.16).
[TODO] Location transition detected (0:01:18.01 - 0:01:21.01).
[TODO] Location transition detected (0:02:05.73 - 0:02:08.73).
[TODO] Location transition detected (0:02:02.73 - 0:02:05.73).
[TODO] Location transition detected (0:04:40.11 - 0:04:43.11).
[TODO] Location transition detected (0:05:31.02 - 0:05:34.02).
[ATTENTION] - [TODO] 6 location transition detected.
----------------------------------------------------------------
TASK VIDEO = [SHANA]event_21-1.mp4 **TESTING**
REFERENCE = [1920x1440]reference.txt
[TODO] New actor name - MC. Default style - 関連人物 - applied.
[TODO] New actor name - 観客A. Default style - 関連人物 - applied.
[TODO] New actor name - 観客B. Default style - 関連人物 - applied.
[TODO] New actor name - こはね・冬弥. Default style - 関連人物 - applied.
[TODO] New actor name - こはね・杏. Default style - 関連人物 - applied.
[TODO] Location transition detected (0:00:07.16 - 0:00:10.16).
[TODO] Location transition detected (0:01:18.01 - 0:01:21.01).
[TODO] Location transition detected (0:02:05.73 - 0:02:08.73).
[TODO] Location transition detected (0:02:02.73 - 0:02:05.73).
[TODO] Location transition detected (0:04:40.11 - 0:04:43.11).
[TODO] Location transition detected (0:05:31.02 - 0:05:34.02).
[ATTENTION] - [TODO] 6 location transition detected.
